Build started 11/30/2011 11:18:46 PM.
     1>Project "C:\Users\Chris\Downloads\zlib125\zlib-1.2.5\contrib\vstudio\vc10\testzlib.vcxproj" on node 3 (build target(s)).
     1>InitializeBuildStatus:
         Creating "x86\TestZlibDebug\Tmp\testzlib.unsuccessfulbuild" because "AlwaysCreate" was specified.
       ClCompile:
         C:\Program Files (x86)\Microsoft Visual Studio 10.0\VC\bin\CL.exe /c /I..\..\.. /ZI /nologo /W3 /WX- /Od /Oy- /D ASMV /D ASMINF /D WIN32 /D ZLIB_WINAPI /D _DEBUG /D _CONSOLE /D _CRT_NONSTDC_NO_DEPRECATE /D _CRT_SECURE_NO_DEPRECATE /D _CRT_NONSTDC_NO_WARNINGS /D _MBCS /Gm /EHsc /MTd /GS- /fp:precise /Zc:wchar_t /Zc:forScope /FAs /Fa"x86\TestZlibDebug\Tmp\\" /Fo"x86\TestZlibDebug\Tmp\\" /Fd"x86\TestZlibDebug\Tmp\vc100.pdb" /Gd /TC /analyze- /errorReport:prompt ..\..\..\adler32.c ..\..\..\compress.c ..\..\..\crc32.c ..\..\..\deflate.c ..\..\..\infback.c ..\..\..\inffast.c ..\..\..\inflate.c ..\..\..\inftrees.c ..\..\testzlib\testzlib.c ..\..\..\trees.c ..\..\..\uncompr.c ..\..\..\zutil.c
         zutil.c
         uncompr.c
         trees.c
         testzlib.c
         inftrees.c
         inflate.c
         inffast.c
         infback.c
         deflate.c
         crc32.c
         compress.c
         adler32.c
         Generating Code...
       Link:
         C:\Program Files (x86)\Microsoft Visual Studio 10.0\VC\bin\link.exe /ERRORREPORT:PROMPT /OUT:"x86\TestZlibDebug\testzlib.exe" /INCREMENTAL /NOLOGO ..\..\masmx86\match686.obj ..\..\masmx86\inffas32.obj kernel32.lib user32.lib gdi32.lib winspool.lib comdlg32.lib advapi32.lib shell32.lib ole32.lib oleaut32.lib uuid.lib odbc32.lib odbccp32.lib /MANIFEST:NO /DEBUG /PDB:"x86\TestZlibDebug\testzlib.pdb" /SUBSYSTEM:CONSOLE /TLBID:1 /DYNAMICBASE:NO /IMPLIB:"x86\TestZlibDebug\testzlib.lib" /MACHINE:X86 x86\TestZlibDebug\Tmp\adler32.obj
         x86\TestZlibDebug\Tmp\compress.obj
         x86\TestZlibDebug\Tmp\crc32.obj
         x86\TestZlibDebug\Tmp\deflate.obj
         x86\TestZlibDebug\Tmp\infback.obj
         x86\TestZlibDebug\Tmp\inffast.obj
         x86\TestZlibDebug\Tmp\inflate.obj
         x86\TestZlibDebug\Tmp\inftrees.obj
         x86\TestZlibDebug\Tmp\testzlib.obj
         x86\TestZlibDebug\Tmp\trees.obj
         x86\TestZlibDebug\Tmp\uncompr.obj
         x86\TestZlibDebug\Tmp\zutil.obj
     1>LINK : fatal error LNK1104: cannot open file '..\..\masmx86\match686.obj'
     1>Done Building Project "C:\Users\Chris\Downloads\zlib125\zlib-1.2.5\contrib\vstudio\vc10\testzlib.vcxproj" (build target(s)) -- FAILED.

Build FAILED.

Time Elapsed 00:00:09.44
